<?xml version="1.0" encoding="UTF-8"?>
<testng-results ignored="0" total="2" passed="2" failed="0" skipped="0">
  <reporter-output>
    <line>
      <![CDATA[Test Case is Passed]]>
    </line>
    <line>
      <![CDATA[Test Case is Passed]]>
    </line>
  </reporter-output>
  <suite started-at="2024-09-30T11:11:29 IST" name="Suite" finished-at="2024-09-30T11:12:20 IST" duration-ms="51123">
    <groups>
    </groups>
    <test started-at="2024-09-30T11:11:29 IST" name="Test" finished-at="2024-09-30T11:12:20 IST" duration-ms="51123">
      <class name="HTestFile.HTC02_RegistrationPage">
        <test-method is-config="true" signature="Launch()[pri:0, instance:HTestFile.HTC02_RegistrationPage@43dac38f]" started-at="2024-09-30T11:11:29 IST" name="Launch" finished-at="2024-09-30T11:11:36 IST" duration-ms="7083" status="PASS">
          <reporter-output>
          </reporter-output>
        </test-method> <!-- Launch -->
        <test-method is-config="true" signature="Quit()[pri:0, instance:HTestFile.HTC02_RegistrationPage@43dac38f]" started-at="2024-09-30T11:11:36 IST" name="Quit" finished-at="2024-09-30T11:11:36 IST" duration-ms="3" status="PASS">
          <reporter-output>
          </reporter-output>
        </test-method> <!-- Quit -->
        <test-method signature="Registration()[pri:0, instance:HTestFile.HTC02_RegistrationPage@43dac38f]" started-at="2024-09-30T11:11:36 IST" name="Registration" finished-at="2024-09-30T11:11:54 IST" duration-ms="17316" status="PASS">
          <reporter-output>
            <line>
              <![CDATA[Test Case is Passed]]>
            </line>
          </reporter-output>
        </test-method> <!-- Registration -->
      </class> <!-- HTestFile.HTC02_RegistrationPage -->
      <class name="HTestFile.HTC01_Loginpage">
        <test-method is-config="true" signature="Launch()[pri:0, instance:HTestFile.HTC01_Loginpage@3f6f6701]" started-at="2024-09-30T11:11:54 IST" name="Launch" finished-at="2024-09-30T11:12:12 IST" duration-ms="17676" status="PASS">
          <reporter-output>
          </reporter-output>
        </test-method> <!-- Launch -->
        <test-method signature="login()[pri:0, instance:HTestFile.HTC01_Loginpage@3f6f6701]" started-at="2024-09-30T11:12:12 IST" name="login" finished-at="2024-09-30T11:12:20 IST" duration-ms="8356" status="PASS">
          <reporter-output>
            <line>
              <![CDATA[Test Case is Passed]]>
            </line>
          </reporter-output>
        </test-method> <!-- login -->
        <test-method is-config="true" signature="Quit()[pri:0, instance:HTestFile.HTC01_Loginpage@3f6f6701]" started-at="2024-09-30T11:12:12 IST" name="Quit" finished-at="2024-09-30T11:12:12 IST" duration-ms="0" status="PASS">
          <reporter-output>
          </reporter-output>
        </test-method> <!-- Quit -->
      </class> <!-- HTestFile.HTC01_Loginpage -->
    </test> <!-- Test -->
  </suite> <!-- Suite -->
</testng-results>
